<?xml version="1.0" encoding="UTF-8"?>
<!-- Generated by org.testng.reporters.JUnitReportReporter -->
<testsuite skipped="0" hostname="DESKTOP-PFR1QLE" name="Day1" tests="1" failures="0" timestamp="14 May 2018 10:31:37 GMT" time="12.656" errors="0">
  <testcase name="login" time="12.656" classname="Day1"/>
</testsuite> <!-- Day1 -->
