<?xml version="1.0" encoding="UTF-8"?>
<!-- Generated by org.testng.reporters.JUnitReportReporter -->
<testsuite hostname="DESKTOP-PFR1QLE" name="com.TestNg.testNg_Demo2" tests="3" failures="0" timestamp="10 Apr 2018 15:28:53 GMT" time="0.014" errors="0">
  <testcase name="m5" time="0.002" classname="com.TestNg.testNg_Demo2"/>
  <testcase name="m6" time="0.002" classname="com.TestNg.testNg_Demo2"/>
  <testcase name="m4" time="0.010" classname="com.TestNg.testNg_Demo2"/>
</testsuite> <!-- com.TestNg.testNg_Demo2 -->
