<?xml version="1.0" encoding="UTF-8"?>
<!-- Generated by org.testng.reporters.JUnitReportReporter -->
<testsuite hostname="DESKTOP-PFR1QLE" name="com.TestNg.TestNG_AnnotationsDemo" tests="2" failures="0" timestamp="11 Apr 2018 17:01:36 GMT" time="0.011" errors="0">
  <testcase name="testCase1" time="0.008" classname="com.TestNg.TestNG_AnnotationsDemo"/>
  <testcase name="testCase2" time="0.003" classname="com.TestNg.TestNG_AnnotationsDemo"/>
</testsuite> <!-- com.TestNg.TestNG_AnnotationsDemo -->
