<?xml version="1.0" encoding="UTF-8"?>
<!-- Generated by org.testng.reporters.JUnitReportReporter -->
<testsuite hostname="DESKTOP-PFR1QLE" name="com.TestNg.TestNG_Annotations_TestCases" tests="2" failures="0" timestamp="12 Apr 2018 05:11:14 GMT" time="0.012" errors="0">
  <testcase name="testCase2" time="0.006" classname="com.TestNg.TestNG_Annotations_TestCases"/>
  <testcase name="testCase1" time="0.006" classname="com.TestNg.TestNG_Annotations_TestCases"/>
</testsuite> <!-- com.TestNg.TestNG_Annotations_TestCases -->
