<?xml version="1.0" encoding="UTF-8"?>
<!-- Generated by org.testng.reporters.JUnitReportReporter -->
<testsuite hostname="DESKTOP-PFR1QLE" name="com.TestNg.testNg_Demo" tests="3" failures="0" timestamp="10 Apr 2018 15:28:53 GMT" time="0.017" errors="0">
  <testcase name="m2" time="0.002" classname="com.TestNg.testNg_Demo"/>
  <testcase name="m3" time="0.001" classname="com.TestNg.testNg_Demo"/>
  <testcase name="m1" time="0.014" classname="com.TestNg.testNg_Demo"/>
</testsuite> <!-- com.TestNg.testNg_Demo -->
