<?xml version="1.0" encoding="UTF-8"?>
<!-- Generated by org.testng.reporters.JUnitReportReporter -->
<testsuite skipped="0" hostname="DESKTOP-PFR1QLE" name="com.rameshsoft.automation.businessscript.PomLoginTest" tests="1" failures="0" timestamp="18 May 2018 16:30:51 GMT" time="43.948" errors="0">
  <testcase name="login" time="43.948" classname="com.rameshsoft.automation.businessscript.PomLoginTest"/>
</testsuite> <!-- com.rameshsoft.automation.businessscript.PomLoginTest -->
