<?xml version="1.0" encoding="UTF-8"?>
<!-- Generated by org.testng.reporters.JUnitReportReporter -->
<testsuite skipped="0" hostname="DESKTOP-PFR1QLE" name="com.seleniumAutomation.businessScripts.Facebook_Test" tests="1" failures="0" timestamp="12 Apr 2018 06:30:54 GMT" time="4.545" errors="0">
  <testcase name="fbTest" time="4.545" classname="com.seleniumAutomation.businessScripts.Facebook_Test"/>
</testsuite> <!-- com.seleniumAutomation.businessScripts.Facebook_Test -->
