<?xml version="1.0" encoding="UTF-8"?>
<!-- Generated by org.testng.reporters.JUnitReportReporter -->
<testsuite skipped="0" hostname="DESKTOP-PFR1QLE" name="com.automation.selenium.ExtentReportScreenShot.ExtentScreenShot" tests="1" failures="0" timestamp="11 May 2018 10:31:54 GMT" time="1.578" errors="0">
  <testcase name="gmailLog" time="1.578" classname="com.automation.selenium.ExtentReportScreenShot.ExtentScreenShot"/>
</testsuite> <!-- com.automation.selenium.ExtentReportScreenShot.ExtentScreenShot -->
